grep "lufp" *.for
ALLMODES.FOR:      COMMON / ION / IHRE, IHRO, IHRS, LUFP, METHOD, NOISE, NPSL
ALLMODES.FOR:C125PC     +    RLONGD,irLONG,btrd,gcdkm,rsn,lufp,nyear
AREAMAP.FOR :            read (card,810) noise,amind,xlufp,rsn,pmp,dmpx
AREAMAP.FOR :            read (card,811) noise,amind,xlufp,rsn,bandw
AREAMAP.FOR :         write(29,215)1.,xnoise,amind,float(xlufp),float(rsn),pmp,dmpx
areamapx.for:         read (29,810) noise,amind,xlufp,rsn,pmp,dmpx,
areamapx.for:         read (29,811) noise,amind,xlufp,rsn,bandw
areamapx.for:         write(29,215)1.,xnoise,amind,float(xlufp),float(rsn),pmp,dmpx
BLKDAT.FOR  :      COMMON / ION / IHRE, IHRO, IHRS, LUFP, METHOD, NOISE, NPSL
DECRED.FOR  :      COMMON / ION / IHRE, IHRO, IHRS, LUFP, METHOD, NOISE, NPSL
DECRED.FOR  :      READ(INPUT,1507) PWX, XNOISE, AMIND, XLUFP, RSNX, PMPX, DMPX
DECRED.FOR  :      LUFP = XLUFP
DECRED.FOR  :      IF(LUFP.LE.0) LUFP = 90.
genois.for  :      COMMON / ION / IHRE, IHRO, IHRS, LUFP, METHOD, NOISE, NPSL
genois.for  :      COMMON / ION / IHRE, IHRO, IHRS, LUFP, METHOD, NOISE, NPSL
GENOIS_old.F:      COMMON / ION / IHRE, IHRO, IHRS, LUFP, METHOD, NOISE, NPSL
GEOM.FOR    :      COMMON / ION / IHRE, IHRO, IHRS, LUFP, METHOD, NOISE, NPSL
HFAREA.FOR  :      COMMON / ION / IHRE, IHRO, IHRS, LUFP, METHOD, NOISE, NPSL
hfciraf.for :      COMMON / ION / IHRE, IHRO, IHRS, LUFP, METHOD, NOISE, NPSL
HFMUFS.FOR  :      COMMON / ION / IHRE, IHRO, IHRS, LUFP, METHOD, NOISE, NPSL
hfmufs2.for :      COMMON / ION / IHRE, IHRO, IHRS, LUFP, METHOD, NOISE, NPSL
IONPLT.FOR  :      COMMON / ION / IHRE, IHRO, IHRS, LUFP, METHOD, NOISE, NPSL
LUFFY.FOR   :      COMMON / ION / IHRE, IHRO, IHRS, LUFP, METHOD, NOISE, NPSL
MPATH.FOR   :      COMMON / ION / IHRE, IHRO, IHRS, LUFP, METHOD, NOISE, NPSL
OUTALL.FOR  :      COMMON / ION / IHRE, IHRO, IHRS, LUFP, METHOD, NOISE, NPSL
OUTANT.FOR  :      COMMON / ION / IHRE, IHRO, IHRS, LUFP, METHOD, NOISE, NPSL
OUTAREA.FOR :      COMMON / ION / IHRE, IHRO, IHRS, LUFP, METHOD, NOISE, NPSL
OUTBOD.FOR  :      COMMON / ION / IHRE, IHRO, IHRS, LUFP, METHOD, NOISE, NPSL
outciraf.for:      COMMON / ION / IHRE, IHRO, IHRS, LUFP, METHOD, NOISE, NPSL
OUTLIN.FOR  :      COMMON / ION / IHRE, IHRO, IHRS, LUFP, METHOD, NOISE, NPSL
OUTMUF.FOR  :      COMMON / ION / IHRE, IHRO, IHRS, LUFP, METHOD, NOISE, NPSL
OUTTOP.FOR  :      COMMON / ION / IHRE, IHRO, IHRS, LUFP, METHOD, NOISE, NPSL
OUTTOP.FOR  :  161 if(LINTOP(6).gt.0) WRITE(JOUT,1514) -ZNOISE, LUFP, RSN
READ_asc.FOR:      read (29,7,err=900) noise,amind,xlufp,rsn,pmp,dmpx,fprob
RELBIL.FOR  :C     LUFP = GIVEN REQUIRED RELIABILITY
RELBIL.FOR  :      COMMON / ION / IHRE, IHRO, IHRS, LUFP, METHOD, NOISE, NPSL
RELBIL.FOR  :      ITM = IABS( (LUFP - 50))/5 +1
RELBIL.FOR  :      IF( LUFP.LT.50) THEN
SERPRB.FOR  :      COMMON / ION / IHRE, IHRO, IHRS, LUFP, METHOD, NOISE, NPSL
SERPRB.FOR  :C.....LUFP IS THE REQUIRED RELIABILITY
SERPRB.FOR  :      ITM = IABS( LUFP - 50) /5 +1
SERPRB.FOR  :      IF(LUFP.ge.50) then
SETGPH.FOR  :      COMMON / ION / IHRE, IHRO, IHRS, LUFP, METHOD, NOISE, NPSL
SETLUF.FOR  :      COMMON / ION / IHRE, IHRO, IHRS, LUFP, METHOD, NOISE, NPSL
SETOUT.FOR  :      COMMON / ION / IHRE, IHRO, IHRS, LUFP, METHOD, NOISE, NPSL
VOACAP.FOR  :      write(31,111) 1.0,xnoise,amind,float(xlufp),float(rsn),pmp,dmpx
