[Salford FTN77/Win32 v4.02, Copyright (c) Salford Software Ltd. 1988-1998]
    Licensed to: Greg Hand
    Organisation: U S Department of Commerce
0077)       if(frel(nf).eq.0.) go to 6
WARNING - The use of .EQ. or .NE. with non-integer operands can produce
misleading results
0200)       END
WARNING - D2R has not been given an initial value (see -undef and
-only_undef options)
    NO ERRORS,2 WARNINGS  [<HFAREA>FTN77 Ver 4.02]
[Salford SLINK/Win32 v1.26, Copyright (c) Salford Software Ltd. 1995-1998]
$ LOAD voacapw.obj
$ LOAD blkdat.obj
$ LOAD cancel.obj
$ LOAD harris.obj
$ LOAD setvars.obj
$ LOAD antcalc.obj
$ LOAD areamap.obj
$ LOAD ALLMODES.obj
$ LOAD ALOSFV.obj
$ LOAD ANOIS1.obj
$ LOAD BABS.obj
$ LOAD batch.obj
$ LOAD batch_S.obj
$ LOAD voacap.obj
$ LOAD gettr.obj
$ LOAD circant.obj
$ LOAD read_bin.obj
$ LOAD BENDY.obj
$ LOAD CISI.obj
$ LOAD CNGTIM.obj
$ LOAD CONVH.obj
$ LOAD CURMUF.obj
$ LOAD dazel.obj
$ LOAD decred.obj
$ LOAD del_abt.obj
$ LOAD distxy.obj
$ LOAD EF1VAR.obj
$ LOAD ESIND.obj
$ LOAD ESMOD.obj
$ LOAD ESREG.obj
$ LOAD F2DIS.obj
$ LOAD F2VAR.obj
$ LOAD FDIST.obj
$ LOAD FINDF.obj
$ LOAD FIXLIN.obj
$ LOAD FLOLIN.obj
$ LOAD FNORML.obj
$ LOAD FOBBY.obj
$ LOAD FRQCOM.obj
$ LOAD GAIN.obj
$ LOAD GENFAM.obj
$ LOAD GENION.obj
$ LOAD GENOIS.obj
$ LOAD GEOM.obj
$ LOAD GEOTIM.obj
$ LOAD GETHP.obj
$ LOAD GETKMF.obj
$ LOAD GETTOP.obj
$ LOAD GMLOSS.obj
$ LOAD GPHBOD.obj
$ LOAD gridxy.obj
$ LOAD hfarea.obj
$ LOAD hfciraf.obj
$ LOAD outciraf.obj
$ LOAD HFMUFS.obj
$ LOAD HFMUFS2.obj
$ LOAD INMUF.obj
$ LOAD IONPLT.obj
$ LOAD IONSET.obj
$ LOAD LECDEN.obj
$ LOAD listin.obj
$ LOAD LNGPAT.obj
$ LOAD LUFFY.obj
$ LOAD MAGFIN.obj
$ LOAD MAGVAR.obj
$ LOAD monitr.obj
$ LOAD MPATH.obj
$ LOAD NOISY.obj
$ LOAD NOMMUF.obj
$ LOAD OUTALL.obj
$ LOAD OUTANT.obj
$ LOAD outarea.obj
$ LOAD OUTBOD.obj
$ LOAD OUTGPH.obj
$ LOAD OUTION.obj
$ LOAD OUTLAY.obj
$ LOAD OUTLIN.obj
$ LOAD OUTMUF.obj
$ LOAD OUTPAR.obj
$ LOAD OUT_si.obj
$ LOAD OUTTAB.obj
$ LOAD OUTTOP.obj
$ LOAD PEN.obj
$ LOAD PENANG.obj
$ LOAD PRBMUF.obj
$ LOAD pwrdb.obj
$ LOAD rdCIRAF.obj
$ LOAD REDMAP.obj
$ LOAD REDAILY.obj
$ LOAD REGMOD.obj
$ LOAD RELBIL.obj
$ LOAD runfreqs.obj
$ LOAD SANG.obj
$ LOAD SELMOD.obj
$ LOAD SELTXR.obj
$ LOAD SERPRB.obj
$ LOAD SETGPH.obj
$ LOAD SETLNG.obj
$ LOAD SETLUF.obj
$ LOAD SETOUT.obj
$ LOAD SETTXR.obj
$ LOAD SIGDIS.obj
$ LOAD squeez.obj
$ LOAD SYSSY.obj
$ LOAD TABBOD.obj
$ LOAD TABS.obj
$ LOAD TIMVAR.obj
$ LOAD txpwr.obj
$ LOAD VERSY.obj
$ LOAD VIRTIM.obj
$ LOAD xlimit6.obj
$ LOAD xlin.obj
$ LOAD zones.obj
$ LE \lib32\hfmufesw.lib
$ LE \lib32\wp10dwin.lib
$ LE \lib32\voa_lib.lib
$ FILE ..\..\bin_win\voacapw.exe
Creating executable: ..\..\bin_win\voacapw.exe
ftn77  hfarea.for
slink voacapw.lnk
