2003.12.18 10:45 A c:\itshfbc\win32\wp10dwin\ioninit.for --> elbert.its.bldrdoc.gov /home/gh/rec533w ioninit.for
2003.12.18 10:45 A c:\itshfbc\win32\wp10dwin\antmodel.for --> elbert.its.bldrdoc.gov /home/gh/rec533w antmodel.for
2003.12.18 10:45 A c:\itshfbc\win32\wp10dwin\antinit2.for --> elbert.its.bldrdoc.gov /home/gh/rec533w antinit2.for
2003.12.18 10:45 A c:\itshfbc\win32\wp10dwin\readant.for --> elbert.its.bldrdoc.gov /home/gh/rec533w readant.for
2003.12.18 10:46 A c:\itshfbc\win32\wp10dwin\antfile.for --> elbert.its.bldrdoc.gov /home/gh/rec533w antfile.for
2003.12.18 10:46 A c:\itshfbc\win32\wp10dwin\antcal.for --> elbert.its.bldrdoc.gov /home/gh/rec533w antcal.for
2003.12.18 12:35 A c:\itshfbc\win32\wp10dwin\ccirgain.for --> elbert.its.bldrdoc.gov /home/gh/rec533w ccirgain.for
2003.12.18 12:35 A c:\itshfbc\win32\wp10dwin\setmaxga.for --> elbert.its.bldrdoc.gov /home/gh/rec533w setmaxga.for
2003.12.18 12:35 A c:\itshfbc\win32\wp10dwin\logparm.for --> elbert.its.bldrdoc.gov /home/gh/rec533w logparm.for
2003.12.18 12:35 A c:\itshfbc\win32\wp10dwin\curtain.for --> elbert.its.bldrdoc.gov /home/gh/rec533w curtain.for
2003.12.18 12:35 A c:\itshfbc\win32\wp10dwin\iongain.for --> elbert.its.bldrdoc.gov /home/gh/rec533w iongain.for
2003.12.18 12:35 A c:\itshfbc\win32\wp10dwin\parmprec.for --> elbert.its.bldrdoc.gov /home/gh/rec533w parmprec.for
2003.12.18 12:36 A c:\itshfbc\win32\wp10dwin\len_trim.for --> elbert.its.bldrdoc.gov /home/gh/rec533w len_trim.for
2003.12.18 12:36 A c:\itshfbc\win32\wp10dwin\gainorm.for --> elbert.its.bldrdoc.gov /home/gh/rec533w gainorm.for
2003.12.18 12:36 A c:\itshfbc\win32\wp10dwin\trigfun.for --> elbert.its.bldrdoc.gov /home/gh/rec533w trigfun.for
2003.12.18 12:39 A c:\itshfbc\win32\wp10dwin\azmax.for --> elbert.its.bldrdoc.gov /home/gh/rec533w azmax.for
2003.12.18 12:39 A c:\itshfbc\win32\wp10dwin\bessel.for --> elbert.its.bldrdoc.gov /home/gh/rec533w bessel.for
2003.12.18 12:39 A c:\itshfbc\win32\wp10dwin\curcal.for --> elbert.its.bldrdoc.gov /home/gh/rec533w curcal.for
2003.12.18 12:39 A c:\itshfbc\win32\wp10dwin\refcof.for --> elbert.its.bldrdoc.gov /home/gh/rec533w refcof.for
2003.12.18 12:39 A c:\itshfbc\win32\wp10dwin\pattrn0.for --> elbert.its.bldrdoc.gov /home/gh/rec533w pattrn0.for
2003.12.18 12:39 A c:\itshfbc\win32\wp10dwin\surfim.for --> elbert.its.bldrdoc.gov /home/gh/rec533w surfim.for
2003.12.18 12:39 A c:\itshfbc\win32\wp10dwin\gainterb.for --> elbert.its.bldrdoc.gov /home/gh/rec533w gainterb.for
2003.12.18 12:40 A c:\itshfbc\win32\wp10dwin\gainrel.for --> elbert.its.bldrdoc.gov /home/gh/rec533w gainrel.for
2003.12.18 12:40 A c:\itshfbc\win32\wp10dwin\gainterp.for --> elbert.its.bldrdoc.gov /home/gh/rec533w gainterp.for
2003.12.18 12:41 A c:\itshfbc\win32\wp10dwin\cisi.for --> elbert.its.bldrdoc.gov /home/gh/rec533w cisi.for
2003.12.18 12:41 A c:\itshfbc\win32\wp10dwin\dbltrap.for --> elbert.its.bldrdoc.gov /home/gh/rec533w dbltrap.for
2003.12.18 12:41 A c:\itshfbc\win32\wp10dwin\parabol.for --> elbert.its.bldrdoc.gov /home/gh/rec533w parabol.for
2003.12.18 12:41 A c:\itshfbc\win32\wp10dwin\f2.for --> elbert.its.bldrdoc.gov /home/gh/rec533w f2.for
